  [1m[35m (0.5ms)[0m  [1m[35mSET NAMES utf8,  @@SESSION.sql_mode = CONCAT(CONCAT(@@sql_mode, ',STRICT_ALL_TABLES'), ',NO_AUTO_VALUE_ON_ZERO'),  @@SESSION.sql_auto_is_null = 0, @@SESSION.wait_timeout = 2147483[0m
  [1m[35m (113.2ms)[0m  [1m[35mCREATE TABLE `schema_migrations` (`version` varchar(255) NOT NULL PRIMARY KEY) ENGINE=InnoDB[0m
  [1m[35m (235.8ms)[0m  [1m[35mCREATE TABLE `ar_internal_metadata` (`key` varchar(255) NOT NULL PRIMARY KEY, `value` varchar(255), `created_at` datetime NOT NULL, `updated_at` datetime NOT NULL) ENGINE=InnoDB[0m
  [1m[35m (0.2ms)[0m  [1m[34mSELECT DATABASE() as db[0m
  [1m[35m (0.2ms)[0m  [1m[34mSELECT GET_LOCK(7342014312935940225, 0)[0m
  [1m[35m (0.3ms)[0m  [1m[34mSELECT `schema_migrations`.`version` FROM `schema_migrations` ORDER BY `schema_migrations`.`version` ASC[0m
Migrating to CreateUsers (20170716055444)
  [1m[35m (126.2ms)[0m  [1m[35mCREATE TABLE `users` (`id` bigint NOT NULL AUTO_INCREMENT PRIMARY KEY, `password` varchar(255), `email` varchar(255), `created_at` datetime NOT NULL, `updated_at` datetime NOT NULL) ENGINE=InnoDB[0m
  [1m[35m (0.2ms)[0m  [1m[35mBEGIN[0m
  [1m[35mSQL (0.3ms)[0m  [1m[32mINSERT INTO `schema_migrations` (`version`) VALUES ('20170716055444')[0m
  [1m[35m (0.6ms)[0m  [1m[35mCOMMIT[0m
  [1m[36mActiveRecord::InternalMetadata Load (0.3ms)[0m  [1m[34mSELECT  `ar_internal_metadata`.* FROM `ar_internal_metadata` WHERE `ar_internal_metadata`.`key` = 'environment' LIMIT 1[0m
  [1m[35m (0.2ms)[0m  [1m[35mBEGIN[0m
  [1m[35mSQL (14.6ms)[0m  [1m[32mINSERT INTO `ar_internal_metadata` (`key`, `value`, `created_at`, `updated_at`) VALUES ('environment', 'development', '2017-07-16 05:55:26', '2017-07-16 05:55:26')[0m
  [1m[35m (0.8ms)[0m  [1m[35mCOMMIT[0m
  [1m[35m (0.2ms)[0m  [1m[34mSELECT RELEASE_LOCK(7342014312935940225)[0m
  [1m[35m (0.3ms)[0m  [1m[34mSELECT `schema_migrations`.`version` FROM `schema_migrations` ORDER BY `schema_migrations`.`version` ASC[0m
  [1m[35m (0.4ms)[0m  [1m[35mSHOW CREATE TABLE `users`[0m
  [1m[35m (5.1ms)[0m  [1m[35mSHOW TABLE STATUS LIKE 'users'[0m
Started GET "/users" for 127.0.0.1 at 2017-07-15 19:57:15 -1000
  [1m[35m (0.4ms)[0m  [1m[35mSET NAMES utf8,  @@SESSION.sql_mode = CONCAT(CONCAT(@@sql_mode, ',STRICT_ALL_TABLES'), ',NO_AUTO_VALUE_ON_ZERO'),  @@SESSION.sql_auto_is_null = 0, @@SESSION.wait_timeout = 2147483[0m
  [1m[35m (0.3ms)[0m  [1m[34mSELECT `schema_migrations`.`version` FROM `schema_migrations` ORDER BY `schema_migrations`.`version` ASC[0m
Processing by UsersController#index as HTML
  Rendering users/index.html.erb within layouts/application
  [1m[36mUser Load (0.4ms)[0m  [1m[34mSELECT `users`.* FROM `users`[0m
  Rendered users/index.html.erb within layouts/application (4.2ms)
Completed 200 OK in 727ms (Views: 703.3ms | ActiveRecord: 0.8ms)


Started GET "/users/new" for 127.0.0.1 at 2017-07-15 19:57:19 -1000
Processing by UsersController#new as HTML
  Rendering users/new.html.erb within layouts/application
  Rendered users/_form.html.erb (93.6ms)
  Rendered users/new.html.erb within layouts/application (96.3ms)
Completed 200 OK in 154ms (Views: 115.0ms | ActiveRecord: 1.2ms)


Started POST "/users" for 127.0.0.1 at 2017-07-15 19:57:32 -1000
Processing by UsersController#create as HTML
  Parameters: {"utf8"=>"✓", "authenticity_token"=>"6NTj17Cu1XnwUOB4DI1FjBZpo7X5pY6dDG9K9kX0F+rJP7HPbcBMXo2K0B5xYamwvUudTRNFk+zVTlnKvzKRfg==", "user"=>{"password"=>"[FILTERED]", "email"=>"ulu_5@yahoo.com"}, "commit"=>"Create User"}
  [1m[35m (0.2ms)[0m  [1m[35mBEGIN[0m
  [1m[35mSQL (0.3ms)[0m  [1m[32mINSERT INTO `users` (`password`, `email`, `created_at`, `updated_at`) VALUES ('botoboy', 'ulu_5@yahoo.com', '2017-07-16 05:57:32', '2017-07-16 05:57:32')[0m
  [1m[35m (0.6ms)[0m  [1m[35mCOMMIT[0m
Redirected to http://localhost:3000/users/1
Completed 302 Found in 6ms (ActiveRecord: 1.1ms)


Started GET "/users/1" for 127.0.0.1 at 2017-07-15 19:57:32 -1000
Processing by UsersController#show as HTML
  Parameters: {"id"=>"1"}
  [1m[36mUser Load (0.4ms)[0m  [1m[34mSELECT  `users`.* FROM `users` WHERE `users`.`id` = 1 LIMIT 1[0m
  Rendering users/show.html.erb within layouts/application
  Rendered users/show.html.erb within layouts/application (1.2ms)
Completed 200 OK in 58ms (Views: 16.8ms | ActiveRecord: 0.4ms)


Started GET "/users/1/edit" for 127.0.0.1 at 2017-07-15 19:57:36 -1000
Processing by UsersController#edit as HTML
  Parameters: {"id"=>"1"}
  [1m[36mUser Load (0.4ms)[0m  [1m[34mSELECT  `users`.* FROM `users` WHERE `users`.`id` = 1 LIMIT 1[0m
  Rendering users/edit.html.erb within layouts/application
  Rendered users/_form.html.erb (1.9ms)
  Rendered users/edit.html.erb within layouts/application (4.6ms)
Completed 200 OK in 30ms (Views: 21.6ms | ActiveRecord: 0.4ms)


Started PATCH "/users/1" for 127.0.0.1 at 2017-07-15 19:57:38 -1000
Processing by UsersController#update as HTML
  Parameters: {"utf8"=>"✓", "authenticity_token"=>"HQrlW3naRePtZVTyHJM/jUFP15YKRlnu3+XvPsqWJ8t/Pm+dNFLpBOf8z0ZC2pE1s4PV/UdqqtzJCCHfJYfI1g==", "user"=>{"password"=>"[FILTERED]", "email"=>"ulu_5@yahoo.com"}, "commit"=>"Update User", "id"=>"1"}
  [1m[36mUser Load (0.5ms)[0m  [1m[34mSELECT  `users`.* FROM `users` WHERE `users`.`id` = 1 LIMIT 1[0m
  [1m[35m (0.3ms)[0m  [1m[35mBEGIN[0m
  [1m[35m (0.3ms)[0m  [1m[35mCOMMIT[0m
Redirected to http://localhost:3000/users/1
Completed 302 Found in 7ms (ActiveRecord: 1.0ms)


Started GET "/users/1" for 127.0.0.1 at 2017-07-15 19:57:38 -1000
Processing by UsersController#show as HTML
  Parameters: {"id"=>"1"}
  [1m[36mUser Load (0.4ms)[0m  [1m[34mSELECT  `users`.* FROM `users` WHERE `users`.`id` = 1 LIMIT 1[0m
  Rendering users/show.html.erb within layouts/application
  Rendered users/show.html.erb within layouts/application (0.9ms)
Completed 200 OK in 20ms (Views: 17.2ms | ActiveRecord: 0.4ms)


Started GET "/users" for 127.0.0.1 at 2017-07-15 19:57:48 -1000
Processing by UsersController#index as HTML
  Rendering users/index.html.erb within layouts/application
  [1m[36mUser Load (0.3ms)[0m  [1m[34mSELECT `users`.* FROM `users`[0m
  Rendered users/index.html.erb within layouts/application (2.3ms)
Completed 200 OK in 63ms (Views: 21.5ms | ActiveRecord: 0.3ms)


Started GET "/users/1/edit" for 127.0.0.1 at 2017-07-15 19:57:57 -1000
Processing by UsersController#edit as HTML
  Parameters: {"id"=>"1"}
  [1m[36mUser Load (0.4ms)[0m  [1m[34mSELECT  `users`.* FROM `users` WHERE `users`.`id` = 1 LIMIT 1[0m
  Rendering users/edit.html.erb within layouts/application
  Rendered users/_form.html.erb (4.3ms)
  Rendered users/edit.html.erb within layouts/application (8.8ms)
Completed 200 OK in 39ms (Views: 32.8ms | ActiveRecord: 0.4ms)


Started GET "/users" for 127.0.0.1 at 2017-07-15 19:57:59 -1000
Processing by UsersController#index as HTML
  Rendering users/index.html.erb within layouts/application
  [1m[36mUser Load (1.6ms)[0m  [1m[34mSELECT `users`.* FROM `users`[0m
  Rendered users/index.html.erb within layouts/application (6.3ms)
Completed 200 OK in 41ms (Views: 35.0ms | ActiveRecord: 1.6ms)


Started DELETE "/users/1" for 127.0.0.1 at 2017-07-15 19:58:03 -1000
Processing by UsersController#destroy as HTML
  Parameters: {"authenticity_token"=>"DExE4u5H4DTa1Em84rATHmxur61vYv2PZKLb23L7OOmiIyO0q4nrxshWl4xKqpP8mbqMpY77dMiJxZOeS/OYXA==", "id"=>"1"}
  [1m[36mUser Load (0.6ms)[0m  [1m[34mSELECT  `users`.* FROM `users` WHERE `users`.`id` = 1 LIMIT 1[0m
  [1m[35m (0.5ms)[0m  [1m[35mBEGIN[0m
  [1m[35mSQL (2.5ms)[0m  [1m[31mDELETE FROM `users` WHERE `users`.`id` = 1[0m
  [1m[35m (4.0ms)[0m  [1m[35mCOMMIT[0m
Redirected to http://localhost:3000/users
Completed 302 Found in 17ms (ActiveRecord: 7.7ms)


Started GET "/users" for 127.0.0.1 at 2017-07-15 19:58:03 -1000
Processing by UsersController#index as HTML
  Rendering users/index.html.erb within layouts/application
  [1m[36mUser Load (0.4ms)[0m  [1m[34mSELECT `users`.* FROM `users`[0m
  Rendered users/index.html.erb within layouts/application (3.0ms)
Completed 200 OK in 33ms (Views: 28.9ms | ActiveRecord: 0.4ms)


Started GET "/users/new" for 127.0.0.1 at 2017-07-15 19:58:06 -1000
Processing by UsersController#new as HTML
  Rendering users/new.html.erb within layouts/application
  Rendered users/_form.html.erb (1.7ms)
  Rendered users/new.html.erb within layouts/application (3.6ms)
Completed 200 OK in 48ms (Views: 27.8ms | ActiveRecord: 0.0ms)


Started POST "/users" for 127.0.0.1 at 2017-07-15 19:58:18 -1000
Processing by UsersController#create as HTML
  Parameters: {"utf8"=>"✓", "authenticity_token"=>"w1iFd5PtOFRhzclO1TEnFhbIF3TExJ058HO51PEOKAHis9dvToOhcxwX+Sio3csqveopjC4kgEgpUqroC8iulQ==", "user"=>{"password"=>"[FILTERED]", "email"=>"ulu_5@yahoo.com"}, "commit"=>"Create User"}
  [1m[35m (0.2ms)[0m  [1m[35mBEGIN[0m
  [1m[35mSQL (0.3ms)[0m  [1m[32mINSERT INTO `users` (`password`, `email`, `created_at`, `updated_at`) VALUES ('botoboy', 'ulu_5@yahoo.com', '2017-07-16 05:58:18', '2017-07-16 05:58:18')[0m
  [1m[35m (0.4ms)[0m  [1m[35mCOMMIT[0m
Redirected to http://localhost:3000/users/2
Completed 302 Found in 5ms (ActiveRecord: 0.9ms)


Started GET "/users/2" for 127.0.0.1 at 2017-07-15 19:58:18 -1000
Processing by UsersController#show as HTML
  Parameters: {"id"=>"2"}
  [1m[36mUser Load (1.8ms)[0m  [1m[34mSELECT  `users`.* FROM `users` WHERE `users`.`id` = 2 LIMIT 1[0m
  Rendering users/show.html.erb within layouts/application
  Rendered users/show.html.erb within layouts/application (1.2ms)
Completed 200 OK in 63ms (Views: 42.8ms | ActiveRecord: 1.8ms)


Started GET "/users" for 127.0.0.1 at 2017-07-15 19:58:21 -1000
Processing by UsersController#index as HTML
  Rendering users/index.html.erb within layouts/application
  [1m[36mUser Load (0.3ms)[0m  [1m[34mSELECT `users`.* FROM `users`[0m
  Rendered users/index.html.erb within layouts/application (2.7ms)
Completed 200 OK in 58ms (Views: 23.8ms | ActiveRecord: 0.3ms)


Started GET "/users/2" for 127.0.0.1 at 2017-07-15 19:58:38 -1000
Processing by UsersController#show as HTML
  Parameters: {"id"=>"2"}
  [1m[36mUser Load (0.8ms)[0m  [1m[34mSELECT  `users`.* FROM `users` WHERE `users`.`id` = 2 LIMIT 1[0m
  Rendering users/show.html.erb within layouts/application
  Rendered users/show.html.erb within layouts/application (1.4ms)
Completed 200 OK in 45ms (Views: 38.9ms | ActiveRecord: 0.8ms)


Started GET "/users" for 127.0.0.1 at 2017-07-15 19:58:40 -1000
Processing by UsersController#index as HTML
  Rendering users/index.html.erb within layouts/application
  [1m[36mUser Load (0.5ms)[0m  [1m[34mSELECT `users`.* FROM `users`[0m
  Rendered users/index.html.erb within layouts/application (3.3ms)
Completed 200 OK in 39ms (Views: 34.3ms | ActiveRecord: 0.5ms)


  [1m[35m (0.7ms)[0m  [1m[35mSET NAMES utf8,  @@SESSION.sql_mode = CONCAT(CONCAT(@@sql_mode, ',STRICT_ALL_TABLES'), ',NO_AUTO_VALUE_ON_ZERO'),  @@SESSION.sql_auto_is_null = 0, @@SESSION.wait_timeout = 2147483[0m
  [1m[35m (0.2ms)[0m  [1m[34mSELECT DATABASE() as db[0m
  [1m[35m (0.2ms)[0m  [1m[34mSELECT GET_LOCK(7342014312935940225, 0)[0m
  [1m[35m (0.3ms)[0m  [1m[34mSELECT `schema_migrations`.`version` FROM `schema_migrations` ORDER BY `schema_migrations`.`version` ASC[0m
Migrating to CreateArticles (20170716060052)
  [1m[35m (119.7ms)[0m  [1m[35mCREATE TABLE `articles` (`id` bigint NOT NULL AUTO_INCREMENT PRIMARY KEY, `title` varchar(255), `post` text, `user_id` int, `created_at` datetime NOT NULL, `updated_at` datetime NOT NULL) ENGINE=InnoDB[0m
  [1m[35m (0.2ms)[0m  [1m[35mBEGIN[0m
  [1m[35mSQL (0.3ms)[0m  [1m[32mINSERT INTO `schema_migrations` (`version`) VALUES ('20170716060052')[0m
  [1m[35m (0.3ms)[0m  [1m[35mCOMMIT[0m
  [1m[36mActiveRecord::InternalMetadata Load (0.4ms)[0m  [1m[34mSELECT  `ar_internal_metadata`.* FROM `ar_internal_metadata` WHERE `ar_internal_metadata`.`key` = 'environment' LIMIT 1[0m
  [1m[35m (0.2ms)[0m  [1m[35mBEGIN[0m
  [1m[35m (0.6ms)[0m  [1m[35mCOMMIT[0m
  [1m[35m (0.3ms)[0m  [1m[34mSELECT RELEASE_LOCK(7342014312935940225)[0m
  [1m[35m (0.3ms)[0m  [1m[34mSELECT `schema_migrations`.`version` FROM `schema_migrations` ORDER BY `schema_migrations`.`version` ASC[0m
  [1m[35m (0.2ms)[0m  [1m[35mSHOW CREATE TABLE `articles`[0m
  [1m[35m (0.4ms)[0m  [1m[35mSHOW TABLE STATUS LIKE 'articles'[0m
  [1m[35m (0.2ms)[0m  [1m[35mSHOW CREATE TABLE `users`[0m
  [1m[35m (0.4ms)[0m  [1m[35mSHOW TABLE STATUS LIKE 'users'[0m
Started GET "/users" for 127.0.0.1 at 2017-07-15 20:02:55 -1000
  [1m[35m (0.2ms)[0m  [1m[34mSELECT `schema_migrations`.`version` FROM `schema_migrations` ORDER BY `schema_migrations`.`version` ASC[0m
Processing by UsersController#index as HTML
  Rendering users/index.html.erb within layouts/application
  [1m[36mUser Load (0.4ms)[0m  [1m[34mSELECT `users`.* FROM `users`[0m
  Rendered users/index.html.erb within layouts/application (10.7ms)
Completed 200 OK in 185ms (Views: 167.4ms | ActiveRecord: 1.6ms)


Started GET "/users/new" for 127.0.0.1 at 2017-07-15 20:02:58 -1000
Processing by UsersController#new as HTML
  Rendering users/new.html.erb within layouts/application
  Rendered users/_form.html.erb (2.7ms)
  Rendered users/new.html.erb within layouts/application (5.3ms)
Completed 200 OK in 84ms (Views: 33.8ms | ActiveRecord: 0.0ms)


Started POST "/users" for 127.0.0.1 at 2017-07-15 20:03:00 -1000
Processing by UsersController#create as HTML
  Parameters: {"utf8"=>"✓", "authenticity_token"=>"l79w/Ebwn0149qdBcmdKFTXEllvOemyys2qsjXMH17C2VCLkm54GagUslycPi6YpnuaooySaccNqS7+xicFRJA==", "user"=>{"password"=>"[FILTERED]", "email"=>""}, "commit"=>"Create User"}
  [1m[35m (0.2ms)[0m  [1m[35mBEGIN[0m
  [1m[35m (0.2ms)[0m  [1m[31mROLLBACK[0m
  Rendering users/new.html.erb within layouts/application
  Rendered users/_form.html.erb (4.6ms)
  Rendered users/new.html.erb within layouts/application (7.9ms)
Completed 200 OK in 45ms (Views: 40.2ms | ActiveRecord: 0.4ms)


Started POST "/users" for 127.0.0.1 at 2017-07-15 20:03:11 -1000
Processing by UsersController#create as HTML
  Parameters: {"utf8"=>"✓", "authenticity_token"=>"rlSv42n9uLNfRQ6Y306KHKb10227C+2K1/eLYFY8J6QAO8i1LDOzQU3H0Kh3VAr+UyHwZVqSZM06kMMlbzSHEQ==", "user"=>{"password"=>"[FILTERED]", "email"=>""}, "commit"=>"Create User"}
  [1m[35m (0.3ms)[0m  [1m[35mBEGIN[0m
  [1m[35m (0.4ms)[0m  [1m[31mROLLBACK[0m
  Rendering users/new.html.erb within layouts/application
  Rendered users/_form.html.erb (3.0ms)
  Rendered users/new.html.erb within layouts/application (5.0ms)
Completed 200 OK in 35ms (Views: 30.1ms | ActiveRecord: 0.7ms)


Started POST "/users" for 127.0.0.1 at 2017-07-15 20:03:14 -1000
Processing by UsersController#create as HTML
  Parameters: {"utf8"=>"✓", "authenticity_token"=>"WoYOcm1ANgSwx6On/plnRiWz4C2q2kGLxP6Ubc/jY0706WkkKI499qJFfZdWg+ek0GfDJUtDyMwpmdwo9uvD+w==", "user"=>{"password"=>"[FILTERED]", "email"=>""}, "commit"=>"Create User"}
  [1m[35m (0.2ms)[0m  [1m[35mBEGIN[0m
  [1m[35m (0.2ms)[0m  [1m[31mROLLBACK[0m
  Rendering users/new.html.erb within layouts/application
  Rendered users/_form.html.erb (4.8ms)
  Rendered users/new.html.erb within layouts/application (8.4ms)
Completed 200 OK in 36ms (Views: 33.0ms | ActiveRecord: 0.3ms)


  [1m[35m (0.4ms)[0m  [1m[35mSET NAMES utf8,  @@SESSION.sql_mode = CONCAT(CONCAT(@@sql_mode, ',STRICT_ALL_TABLES'), ',NO_AUTO_VALUE_ON_ZERO'),  @@SESSION.sql_auto_is_null = 0, @@SESSION.wait_timeout = 2147483[0m
  [1m[35m (0.2ms)[0m  [1m[34mSELECT DATABASE() as db[0m
  [1m[35m (0.2ms)[0m  [1m[34mSELECT GET_LOCK(7342014312935940225, 0)[0m
  [1m[35m (0.3ms)[0m  [1m[34mSELECT `schema_migrations`.`version` FROM `schema_migrations` ORDER BY `schema_migrations`.`version` ASC[0m
Migrating to CreateComments (20170716060529)
  [1m[35m (194.2ms)[0m  [1m[35mCREATE TABLE `comments` (`id` bigint NOT NULL AUTO_INCREMENT PRIMARY KEY, `commenter` varchar(255), `body` text, `article_id` bigint, `created_at` datetime NOT NULL, `updated_at` datetime NOT NULL,  INDEX `index_comments_on_article_id`  (`article_id`), CONSTRAINT `fk_rails_3bf61a60d3`
FOREIGN KEY (`article_id`)
  REFERENCES `articles` (`id`)
) ENGINE=InnoDB[0m
  [1m[35m (0.2ms)[0m  [1m[35mBEGIN[0m
  [1m[35mSQL (0.3ms)[0m  [1m[32mINSERT INTO `schema_migrations` (`version`) VALUES ('20170716060529')[0m
  [1m[35m (0.5ms)[0m  [1m[35mCOMMIT[0m
  [1m[36mActiveRecord::InternalMetadata Load (0.3ms)[0m  [1m[34mSELECT  `ar_internal_metadata`.* FROM `ar_internal_metadata` WHERE `ar_internal_metadata`.`key` = 'environment' LIMIT 1[0m
  [1m[35m (0.2ms)[0m  [1m[35mBEGIN[0m
  [1m[35m (0.2ms)[0m  [1m[35mCOMMIT[0m
  [1m[35m (0.2ms)[0m  [1m[34mSELECT RELEASE_LOCK(7342014312935940225)[0m
  [1m[35m (0.4ms)[0m  [1m[34mSELECT `schema_migrations`.`version` FROM `schema_migrations` ORDER BY `schema_migrations`.`version` ASC[0m
  [1m[35m (0.2ms)[0m  [1m[35mSHOW CREATE TABLE `articles`[0m
  [1m[35m (0.4ms)[0m  [1m[35mSHOW TABLE STATUS LIKE 'articles'[0m
  [1m[35m (0.3ms)[0m  [1m[35mSHOW CREATE TABLE `comments`[0m
  [1m[35m (0.4ms)[0m  [1m[35mSHOW TABLE STATUS LIKE 'comments'[0m
  [1m[35m (0.3ms)[0m  [1m[35mSHOW CREATE TABLE `users`[0m
  [1m[35m (0.4ms)[0m  [1m[35mSHOW TABLE STATUS LIKE 'users'[0m
  [1m[35m (0.4ms)[0m  [1m[35mSET NAMES utf8,  @@SESSION.sql_mode = CONCAT(CONCAT(@@sql_mode, ',STRICT_ALL_TABLES'), ',NO_AUTO_VALUE_ON_ZERO'),  @@SESSION.sql_auto_is_null = 0, @@SESSION.wait_timeout = 2147483[0m
  [1m[35m (0.2ms)[0m  [1m[34mSELECT DATABASE() as db[0m
  [1m[35m (0.2ms)[0m  [1m[34mSELECT GET_LOCK(7342014312935940225, 0)[0m
  [1m[35m (0.4ms)[0m  [1m[34mSELECT `schema_migrations`.`version` FROM `schema_migrations` ORDER BY `schema_migrations`.`version` ASC[0m
  [1m[36mActiveRecord::InternalMetadata Load (0.3ms)[0m  [1m[34mSELECT  `ar_internal_metadata`.* FROM `ar_internal_metadata` WHERE `ar_internal_metadata`.`key` = 'environment' LIMIT 1[0m
  [1m[35m (0.2ms)[0m  [1m[35mBEGIN[0m
  [1m[35m (0.1ms)[0m  [1m[35mCOMMIT[0m
  [1m[35m (0.3ms)[0m  [1m[34mSELECT RELEASE_LOCK(7342014312935940225)[0m
  [1m[35m (0.3ms)[0m  [1m[34mSELECT `schema_migrations`.`version` FROM `schema_migrations` ORDER BY `schema_migrations`.`version` ASC[0m
  [1m[35m (0.3ms)[0m  [1m[35mSHOW CREATE TABLE `articles`[0m
  [1m[35m (0.4ms)[0m  [1m[35mSHOW TABLE STATUS LIKE 'articles'[0m
  [1m[35m (0.2ms)[0m  [1m[35mSHOW CREATE TABLE `comments`[0m
  [1m[35m (0.3ms)[0m  [1m[35mSHOW TABLE STATUS LIKE 'comments'[0m
  [1m[35m (0.2ms)[0m  [1m[35mSHOW CREATE TABLE `users`[0m
  [1m[35m (0.4ms)[0m  [1m[35mSHOW TABLE STATUS LIKE 'users'[0m
Started GET "/articles" for 127.0.0.1 at 2017-07-15 20:19:30 -1000
  [1m[35m (0.5ms)[0m  [1m[34mSELECT `schema_migrations`.`version` FROM `schema_migrations` ORDER BY `schema_migrations`.`version` ASC[0m
Processing by ArticlesController#index as HTML
  Rendering articles/index.html.erb within layouts/application
  [1m[36mArticle Load (0.4ms)[0m  [1m[34mSELECT `articles`.* FROM `articles`[0m
  Rendered articles/index.html.erb within layouts/application (3.1ms)
Completed 200 OK in 115ms (Views: 86.7ms | ActiveRecord: 0.8ms)


Started GET "/articles/new" for 127.0.0.1 at 2017-07-15 20:19:32 -1000
Processing by ArticlesController#new as HTML
  Rendering articles/new.html.erb within layouts/application
  Rendered articles/_form.html.erb (24.9ms)
  Rendered articles/new.html.erb within layouts/application (27.3ms)
Completed 200 OK in 91ms (Views: 49.2ms | ActiveRecord: 3.6ms)


Started POST "/articles" for 127.0.0.1 at 2017-07-15 20:19:43 -1000
Processing by ArticlesController#create as HTML
  Parameters: {"utf8"=>"✓", "authenticity_token"=>"6MEHEYK4VkO5dDSRCOzjQtU85l+jey3E/zjaLUVkUMSzV/BsM7BIs/J/AatI6/XFlkQ7WyXgk8sLpw8IWb5s2A==", "article"=>{"title"=>"Rails is awesome", "post"=>"yes it is", "user_id"=>"1"}, "commit"=>"Create Article"}
  [1m[35m (0.2ms)[0m  [1m[35mBEGIN[0m
  [1m[36mUser Load (0.4ms)[0m  [1m[34mSELECT  `users`.* FROM `users` WHERE `users`.`id` = 1 LIMIT 1[0m
  [1m[35m (0.2ms)[0m  [1m[31mROLLBACK[0m
  Rendering articles/new.html.erb within layouts/application
  Rendered articles/_form.html.erb (2.3ms)
  Rendered articles/new.html.erb within layouts/application (4.2ms)
Completed 200 OK in 155ms (Views: 26.1ms | ActiveRecord: 1.9ms)


Started GET "/users" for 127.0.0.1 at 2017-07-15 20:19:49 -1000
Processing by UsersController#index as HTML
  Rendering users/index.html.erb within layouts/application
  [1m[36mUser Load (0.3ms)[0m  [1m[34mSELECT `users`.* FROM `users`[0m
  Rendered users/index.html.erb within layouts/application (10.3ms)
Completed 200 OK in 40ms (Views: 37.7ms | ActiveRecord: 0.3ms)


Started GET "/users/1" for 127.0.0.1 at 2017-07-15 20:19:58 -1000
Processing by UsersController#show as HTML
  Parameters: {"id"=>"1"}
  [1m[36mUser Load (0.5ms)[0m  [1m[34mSELECT  `users`.* FROM `users` WHERE `users`.`id` = 1 LIMIT 1[0m
Completed 404 Not Found in 3ms (ActiveRecord: 0.5ms)


  
ActiveRecord::RecordNotFound (Couldn't find User with 'id'=1):
  
app/controllers/users_controller.rb:67:in `set_user'
Started GET "/users/2" for 127.0.0.1 at 2017-07-15 20:20:10 -1000
Processing by UsersController#show as HTML
  Parameters: {"id"=>"2"}
  [1m[36mUser Load (0.6ms)[0m  [1m[34mSELECT  `users`.* FROM `users` WHERE `users`.`id` = 2 LIMIT 1[0m
  Rendering users/show.html.erb within layouts/application
  Rendered users/show.html.erb within layouts/application (1.2ms)
Completed 200 OK in 55ms (Views: 34.4ms | ActiveRecord: 0.6ms)


Started GET "/articles" for 127.0.0.1 at 2017-07-15 20:20:13 -1000
Processing by ArticlesController#index as HTML
  Rendering articles/index.html.erb within layouts/application
  [1m[36mArticle Load (0.4ms)[0m  [1m[34mSELECT `articles`.* FROM `articles`[0m
  Rendered articles/index.html.erb within layouts/application (2.1ms)
Completed 200 OK in 29ms (Views: 26.5ms | ActiveRecord: 0.4ms)


Started GET "/articles/new" for 127.0.0.1 at 2017-07-15 20:20:15 -1000
Processing by ArticlesController#new as HTML
  Rendering articles/new.html.erb within layouts/application
  Rendered articles/_form.html.erb (4.6ms)
  Rendered articles/new.html.erb within layouts/application (8.1ms)
Completed 200 OK in 41ms (Views: 36.0ms | ActiveRecord: 0.0ms)


Started POST "/articles" for 127.0.0.1 at 2017-07-15 20:20:25 -1000
Processing by ArticlesController#create as HTML
  Parameters: {"utf8"=>"✓", "authenticity_token"=>"WNbQqh1W4iXSo0Chsr2RcI9mZq5u+6iYvxzfO53JrIQDQCfXrF781ZmodZvyuof3zB67quhgFpdLgwoegROQmA==", "article"=>{"title"=>"Rails is awesome", "post"=>"Yes it is", "user_id"=>"2"}, "commit"=>"Create Article"}
  [1m[35m (0.6ms)[0m  [1m[35mBEGIN[0m
  [1m[36mUser Load (0.3ms)[0m  [1m[34mSELECT  `users`.* FROM `users` WHERE `users`.`id` = 2 LIMIT 1[0m
  [1m[35mSQL (4.1ms)[0m  [1m[32mINSERT INTO `articles` (`title`, `post`, `user_id`, `created_at`, `updated_at`) VALUES ('Rails is awesome', 'Yes it is', 2, '2017-07-16 06:20:25', '2017-07-16 06:20:25')[0m
  [1m[35m (0.9ms)[0m  [1m[35mCOMMIT[0m
Redirected to http://localhost:3000/articles/1
Completed 302 Found in 15ms (ActiveRecord: 6.0ms)


Started GET "/articles/1" for 127.0.0.1 at 2017-07-15 20:20:25 -1000
Processing by ArticlesController#show as HTML
  Parameters: {"id"=>"1"}
  [1m[36mArticle Load (0.5ms)[0m  [1m[34mSELECT  `articles`.* FROM `articles` WHERE `articles`.`id` = 1 LIMIT 1[0m
  Rendering articles/show.html.erb within layouts/application
  Rendered articles/show.html.erb within layouts/application (10.6ms)
Completed 500 Internal Server Error in 23ms (ActiveRecord: 0.5ms)


  
ActionView::Template::Error (undefined method `comments' for #<Article:0x007fac04dced00>
Did you mean?  committed!):
    16: </p>
    17: 
    18: <h2>Comments</h2>
    19: <% @article.comments.each do |comment| %>
    20: <p>
    21: 	<strong> Commenter: </strong>
    22: 	<%= comment.commenter %>
  
app/views/articles/show.html.erb:19:in `_app_views_articles_show_html_erb___132948975996211638_70188396342220'
Started GET "/articles/1" for 127.0.0.1 at 2017-07-15 20:20:55 -1000
Processing by ArticlesController#show as HTML
  Parameters: {"id"=>"1"}
  [1m[36mArticle Load (0.3ms)[0m  [1m[34mSELECT  `articles`.* FROM `articles` WHERE `articles`.`id` = 1 LIMIT 1[0m
  Rendering articles/show.html.erb within layouts/application
  Rendered articles/show.html.erb within layouts/application (9.3ms)
Completed 500 Internal Server Error in 33ms (ActiveRecord: 1.6ms)


  
ActionView::Template::Error (undefined method `comments' for #<Article:0x007fac08a58280>
Did you mean?  comment
               comment=):
    16: </p>
    17: 
    18: <h2>Comments</h2>
    19: <% @article.comments.each do |comment| %>
    20: <p>
    21: 	<strong> Commenter: </strong>
    22: 	<%= comment.commenter %>
  
app/views/articles/show.html.erb:19:in `_app_views_articles_show_html_erb___132948975996211638_70188428069000'
Started GET "/articles/1" for 127.0.0.1 at 2017-07-15 20:21:03 -1000
Processing by ArticlesController#show as HTML
  Parameters: {"id"=>"1"}
  [1m[36mArticle Load (0.4ms)[0m  [1m[34mSELECT  `articles`.* FROM `articles` WHERE `articles`.`id` = 1 LIMIT 1[0m
  Rendering articles/show.html.erb within layouts/application
  [1m[36mComment Load (0.4ms)[0m  [1m[34mSELECT `comments`.* FROM `comments` WHERE `comments`.`article_id` = 1[0m
  Rendered articles/show.html.erb within layouts/application (178.9ms)
Completed 500 Internal Server Error in 201ms (ActiveRecord: 3.2ms)


  
ActionView::Template::Error (undefined method `text_filed' for #<ActionView::Helpers::FormBuilder:0x007fac08df0cd0>
Did you mean?  text_field):
    31: <%= form_for([@article, @article.comments.build]) do |f| %>
    32: 	<p>
    33: 		<%= f.label :commenter %><br />
    34: 		<%= f.text_filed :commenter %>
    35: 	</p>
    36: 	<p>
    37: 		<%= f.label :body %><br />
  
app/views/articles/show.html.erb:34:in `block in _app_views_articles_show_html_erb___132948975996211638_70188430552600'
app/views/articles/show.html.erb:31:in `_app_views_articles_show_html_erb___132948975996211638_70188430552600'
Started GET "/articles/1" for 127.0.0.1 at 2017-07-15 20:21:33 -1000
Processing by ArticlesController#show as HTML
  Parameters: {"id"=>"1"}
  [1m[36mArticle Load (0.5ms)[0m  [1m[34mSELECT  `articles`.* FROM `articles` WHERE `articles`.`id` = 1 LIMIT 1[0m
  Rendering articles/show.html.erb within layouts/application
  [1m[36mComment Load (0.4ms)[0m  [1m[34mSELECT `comments`.* FROM `comments` WHERE `comments`.`article_id` = 1[0m
  Rendered articles/show.html.erb within layouts/application (4.3ms)
Completed 200 OK in 30ms (Views: 26.4ms | ActiveRecord: 0.8ms)


Started POST "/articles/1/comments" for 127.0.0.1 at 2017-07-15 20:21:46 -1000
  
SyntaxError (/Users/taeoalii/Desktop/RubyPractice/RailsApp/spblog/app/controllers/comments_controller.rb:13: syntax error, unexpected keyword_end, expecting end-of-input):
  
app/controllers/comments_controller.rb:13: syntax error, unexpected keyword_end, expecting end-of-input
Started POST "/articles/1/comments" for 127.0.0.1 at 2017-07-15 20:21:52 -1000
  
SyntaxError (/Users/taeoalii/Desktop/RubyPractice/RailsApp/spblog/app/controllers/comments_controller.rb:13: syntax error, unexpected keyword_end, expecting end-of-input):
  
app/controllers/comments_controller.rb:13: syntax error, unexpected keyword_end, expecting end-of-input
Started GET "/articles/1" for 127.0.0.1 at 2017-07-15 20:22:52 -1000
Processing by ArticlesController#show as HTML
  Parameters: {"id"=>"1"}
  [1m[36mArticle Load (0.3ms)[0m  [1m[34mSELECT  `articles`.* FROM `articles` WHERE `articles`.`id` = 1 LIMIT 1[0m
  Rendering articles/show.html.erb within layouts/application
  [1m[36mComment Load (0.3ms)[0m  [1m[34mSELECT `comments`.* FROM `comments` WHERE `comments`.`article_id` = 1[0m
  Rendered articles/show.html.erb within layouts/application (17.0ms)
Completed 200 OK in 57ms (Views: 36.2ms | ActiveRecord: 2.8ms)


Started POST "/articles/1/comments" for 127.0.0.1 at 2017-07-15 20:23:03 -1000
Processing by CommentsController#create as HTML
  Parameters: {"utf8"=>"✓", "authenticity_token"=>"LWKot54hbxyDjEQx9bX2icxuY16XzLsOulsea0PZI+uDDc/h2+9k7pEOmgFdr3ZrObpAVnZVMklXPFYuetGDXg==", "comment"=>{"commenter"=>"Andrew", "body"=>"What are you talking about???"}, "commit"=>"Create Comment", "article_id"=>"1"}
  [1m[36mArticle Load (0.4ms)[0m  [1m[34mSELECT  `articles`.* FROM `articles` WHERE `articles`.`id` = 1 LIMIT 1[0m
  [1m[35m (0.2ms)[0m  [1m[35mBEGIN[0m
  [1m[35mSQL (0.4ms)[0m  [1m[32mINSERT INTO `comments` (`commenter`, `body`, `article_id`, `created_at`, `updated_at`) VALUES ('Andrew', 'What are you talking about???', 1, '2017-07-16 06:23:03', '2017-07-16 06:23:03')[0m
  [1m[35m (0.5ms)[0m  [1m[35mCOMMIT[0m
Redirected to http://localhost:3000/articles/1
Completed 302 Found in 7ms (ActiveRecord: 1.4ms)


Started GET "/articles/1" for 127.0.0.1 at 2017-07-15 20:23:03 -1000
Processing by ArticlesController#show as HTML
  Parameters: {"id"=>"1"}
  [1m[36mArticle Load (0.4ms)[0m  [1m[34mSELECT  `articles`.* FROM `articles` WHERE `articles`.`id` = 1 LIMIT 1[0m
  Rendering articles/show.html.erb within layouts/application
  [1m[36mComment Load (0.7ms)[0m  [1m[34mSELECT `comments`.* FROM `comments` WHERE `comments`.`article_id` = 1[0m
  Rendered articles/show.html.erb within layouts/application (6.1ms)
Completed 200 OK in 41ms (Views: 36.9ms | ActiveRecord: 1.0ms)


Started GET "/articles" for 127.0.0.1 at 2017-07-15 20:23:16 -1000
Processing by ArticlesController#index as HTML
  Rendering articles/index.html.erb within layouts/application
  [1m[36mArticle Load (0.3ms)[0m  [1m[34mSELECT `articles`.* FROM `articles`[0m
  Rendered articles/index.html.erb within layouts/application (2.7ms)
Completed 200 OK in 44ms (Views: 40.6ms | ActiveRecord: 0.3ms)


Started GET "/articles" for 127.0.0.1 at 2017-07-15 20:28:12 -1000
Processing by ArticlesController#index as HTML
  Rendering articles/index.html.erb within layouts/application
  [1m[36mArticle Load (0.4ms)[0m  [1m[34mSELECT `articles`.* FROM `articles`[0m
  Rendered articles/index.html.erb within layouts/application (3.3ms)
Completed 200 OK in 171ms (Views: 167.4ms | ActiveRecord: 0.4ms)


Started GET "/articles/new" for 127.0.0.1 at 2017-07-15 20:28:25 -1000
Processing by ArticlesController#new as HTML
  Rendering articles/new.html.erb within layouts/application
  Rendered articles/_form.html.erb (2.6ms)
  Rendered articles/new.html.erb within layouts/application (5.0ms)
Completed 200 OK in 84ms (Views: 29.3ms | ActiveRecord: 0.0ms)


Started POST "/articles" for 127.0.0.1 at 2017-07-15 20:28:40 -1000
Processing by ArticlesController#create as HTML
  Parameters: {"utf8"=>"✓", "authenticity_token"=>"N4lRAv0UgRmJfYD8A35g4CbDbsnO3JiUE7bgsoLGeaFsH6Z/TByf6cJ2tcZDeXZnZbuzzUhHJpvnKTWXnhxFvQ==", "article"=>{"title"=>"Great stuff", "post"=>"I really like writing rails applications this is so cool", "user_id"=>"2"}, "commit"=>"Create Article"}
  [1m[35m (0.2ms)[0m  [1m[35mBEGIN[0m
  [1m[36mUser Load (0.4ms)[0m  [1m[34mSELECT  `users`.* FROM `users` WHERE `users`.`id` = 2 LIMIT 1[0m
  [1m[35mSQL (0.3ms)[0m  [1m[32mINSERT INTO `articles` (`title`, `post`, `user_id`, `created_at`, `updated_at`) VALUES ('Great stuff', 'I really like writing rails applications this is so cool', 2, '2017-07-16 06:28:40', '2017-07-16 06:28:40')[0m
  [1m[35m (0.5ms)[0m  [1m[35mCOMMIT[0m
Redirected to http://localhost:3000/articles/2
Completed 302 Found in 64ms (ActiveRecord: 2.4ms)


Started GET "/articles/2" for 127.0.0.1 at 2017-07-15 20:28:40 -1000
Processing by ArticlesController#show as HTML
  Parameters: {"id"=>"2"}
  [1m[36mArticle Load (0.4ms)[0m  [1m[34mSELECT  `articles`.* FROM `articles` WHERE `articles`.`id` = 2 LIMIT 1[0m
  Rendering articles/show.html.erb within layouts/application
  [1m[36mComment Load (0.4ms)[0m  [1m[34mSELECT `comments`.* FROM `comments` WHERE `comments`.`article_id` = 2[0m
  Rendered articles/show.html.erb within layouts/application (4.2ms)
Completed 200 OK in 67ms (Views: 25.9ms | ActiveRecord: 0.9ms)


Started GET "/articles" for 127.0.0.1 at 2017-07-15 20:28:43 -1000
Processing by ArticlesController#index as HTML
  Rendering articles/index.html.erb within layouts/application
  [1m[36mArticle Load (0.6ms)[0m  [1m[34mSELECT `articles`.* FROM `articles`[0m
  Rendered articles/index.html.erb within layouts/application (4.4ms)
Completed 200 OK in 35ms (Views: 29.1ms | ActiveRecord: 0.6ms)


Started GET "/articles" for 127.0.0.1 at 2017-07-15 21:30:00 -1000
  [1m[35m (0.4ms)[0m  [1m[35mSET NAMES utf8,  @@SESSION.sql_mode = CONCAT(CONCAT(@@sql_mode, ',STRICT_ALL_TABLES'), ',NO_AUTO_VALUE_ON_ZERO'),  @@SESSION.sql_auto_is_null = 0, @@SESSION.wait_timeout = 2147483[0m
  [1m[35m (0.3ms)[0m  [1m[34mSELECT `schema_migrations`.`version` FROM `schema_migrations` ORDER BY `schema_migrations`.`version` ASC[0m
Processing by ArticlesController#index as HTML
  Rendering articles/index.html.erb within layouts/application
  [1m[36mArticle Load (0.5ms)[0m  [1m[34mSELECT `articles`.* FROM `articles`[0m
  Rendered articles/index.html.erb within layouts/application (12.7ms)
Completed 200 OK in 530ms (Views: 495.0ms | ActiveRecord: 1.9ms)


Started GET "/pages/about" for 127.0.0.1 at 2017-07-15 21:31:07 -1000
  [1m[35m (0.3ms)[0m  [1m[35mSET NAMES utf8,  @@SESSION.sql_mode = CONCAT(CONCAT(@@sql_mode, ',STRICT_ALL_TABLES'), ',NO_AUTO_VALUE_ON_ZERO'),  @@SESSION.sql_auto_is_null = 0, @@SESSION.wait_timeout = 2147483[0m
Processing by PagesController#about as HTML
  Rendering pages/about.html.erb within layouts/application
  Rendered pages/about.html.erb within layouts/application (0.4ms)
Completed 200 OK in 231ms (Views: 228.1ms | ActiveRecord: 0.0ms)


Started GET "/pages/about" for 127.0.0.1 at 2017-07-15 21:33:19 -1000
Processing by PagesController#about as HTML
  Rendering pages/about.html.erb within layouts/application
  Rendered pages/about.html.erb within layouts/application (0.4ms)
Completed 200 OK in 46ms (Views: 43.8ms | ActiveRecord: 0.0ms)


Started GET "/pages/about" for 127.0.0.1 at 2017-07-15 21:33:39 -1000
Processing by PagesController#about as HTML
  Rendering pages/about.html.erb within layouts/application
  Rendered pages/about.html.erb within layouts/application (1.4ms)
Completed 200 OK in 56ms (Views: 53.5ms | ActiveRecord: 0.0ms)


Started GET "/pages/home" for 127.0.0.1 at 2017-07-15 21:33:48 -1000
Processing by PagesController#home as HTML
  Rendering pages/home.html.erb within layouts/application
  Rendered pages/home.html.erb within layouts/application (1.5ms)
Completed 200 OK in 445ms (Views: 299.5ms | ActiveRecord: 0.0ms)


Started GET "/pages/about" for 127.0.0.1 at 2017-07-15 21:33:53 -1000
Processing by PagesController#about as HTML
  Rendering pages/about.html.erb within layouts/application
  Rendered pages/about.html.erb within layouts/application (0.4ms)
Completed 200 OK in 28ms (Views: 24.9ms | ActiveRecord: 0.0ms)


Started GET "/pages/directions" for 127.0.0.1 at 2017-07-15 21:44:02 -1000
Processing by PagesController#directions as HTML
  Rendering pages/directions.html.erb within layouts/application
  Rendered pages/directions.html.erb within layouts/application (0.5ms)
Completed 200 OK in 101ms (Views: 98.9ms | ActiveRecord: 0.0ms)


Started GET "/pages/home" for 127.0.0.1 at 2017-07-15 21:50:22 -1000
Processing by PagesController#home as HTML
  Rendering pages/home.html.erb within layouts/application
  Rendered pages/home.html.erb within layouts/application (0.7ms)
Completed 200 OK in 95ms (Views: 92.6ms | ActiveRecord: 0.0ms)


Started GET "/pages/home" for 127.0.0.1 at 2017-07-15 21:51:10 -1000
Processing by PagesController#home as HTML
  Rendering pages/home.html.erb within layouts/application
  Rendered pages/home.html.erb within layouts/application (0.8ms)
Completed 200 OK in 27ms (Views: 25.1ms | ActiveRecord: 0.0ms)


Started GET "/pages/home" for 127.0.0.1 at 2017-07-15 21:54:09 -1000
  
SyntaxError (/Users/taeoalii/Desktop/RubyPractice/RailsApp/spblog/app/helpers/application_helper.rb:26: syntax error, unexpected end-of-input, expecting keyword_end):
  
app/helpers/application_helper.rb:26: syntax error, unexpected end-of-input, expecting keyword_end
app/controllers/application_controller.rb:1:in `<top (required)>'
app/controllers/pages_controller.rb:1:in `<top (required)>'
Started GET "/pages/home" for 127.0.0.1 at 2017-07-15 21:54:48 -1000
Processing by PagesController#home as HTML
  Rendering pages/home.html.erb within layouts/application
  Rendered pages/home.html.erb within layouts/application (0.8ms)
Completed 200 OK in 30ms (Views: 28.3ms | ActiveRecord: 0.0ms)


Started GET "/pages/home" for 127.0.0.1 at 2017-07-15 21:54:50 -1000
Processing by PagesController#home as HTML
  Rendering pages/home.html.erb within layouts/application
  Rendered pages/home.html.erb within layouts/application (0.5ms)
Completed 200 OK in 41ms (Views: 39.5ms | ActiveRecord: 0.0ms)


Started GET "/pages/home" for 127.0.0.1 at 2017-07-15 21:54:52 -1000
Processing by PagesController#home as HTML
  Rendering pages/home.html.erb within layouts/application
  Rendered pages/home.html.erb within layouts/application (0.5ms)
Completed 200 OK in 28ms (Views: 24.8ms | ActiveRecord: 0.0ms)


Started GET "/pages/home" for 127.0.0.1 at 2017-07-15 21:54:55 -1000
Processing by PagesController#home as HTML
  Rendering pages/home.html.erb within layouts/application
  Rendered pages/home.html.erb within layouts/application (0.5ms)
Completed 200 OK in 28ms (Views: 26.3ms | ActiveRecord: 0.0ms)


Started GET "/pages/home" for 127.0.0.1 at 2017-07-15 21:54:57 -1000
Processing by PagesController#home as HTML
  Rendering pages/home.html.erb within layouts/application
  Rendered pages/home.html.erb within layouts/application (0.6ms)
Completed 200 OK in 28ms (Views: 26.0ms | ActiveRecord: 0.0ms)


Started GET "/pages/home" for 127.0.0.1 at 2017-07-15 21:55:01 -1000
Processing by PagesController#home as HTML
  Rendering pages/home.html.erb within layouts/application
  Rendered pages/home.html.erb within layouts/application (0.8ms)
Completed 200 OK in 29ms (Views: 27.1ms | ActiveRecord: 0.0ms)


Started GET "/pages/home" for 127.0.0.1 at 2017-07-15 21:57:34 -1000
Processing by PagesController#home as HTML
  Rendering pages/home.html.erb within layouts/application
  Rendered pages/home.html.erb within layouts/application (1.2ms)
Completed 200 OK in 30ms (Views: 27.8ms | ActiveRecord: 0.0ms)


Started GET "/pages/home" for 127.0.0.1 at 2017-07-15 22:04:14 -1000
Processing by PagesController#home as HTML
  Rendering pages/home.html.erb within layouts/application
  Rendered pages/home.html.erb within layouts/application (0.5ms)
Completed 200 OK in 301ms (Views: 289.5ms | ActiveRecord: 0.0ms)


Started GET "/pages/home" for 127.0.0.1 at 2017-07-15 22:06:01 -1000
Processing by PagesController#home as HTML
  Rendering pages/home.html.erb within layouts/application
  Rendered pages/home.html.erb within layouts/application (1.2ms)
Completed 200 OK in 40ms (Views: 38.4ms | ActiveRecord: 0.0ms)


Started GET "/pages/directions" for 127.0.0.1 at 2017-07-15 22:06:27 -1000
Processing by PagesController#directions as HTML
  Rendering pages/directions.html.erb within layouts/application
  Rendered pages/directions.html.erb within layouts/application (0.7ms)
Completed 200 OK in 75ms (Views: 28.6ms | ActiveRecord: 0.0ms)


Started GET "/pages/about" for 127.0.0.1 at 2017-07-15 22:06:29 -1000
Processing by PagesController#about as HTML
  Rendering pages/about.html.erb within layouts/application
  Rendered pages/about.html.erb within layouts/application (0.5ms)
Completed 200 OK in 84ms (Views: 26.9ms | ActiveRecord: 0.0ms)


Started GET "/articles" for 127.0.0.1 at 2017-07-15 22:06:30 -1000
Processing by ArticlesController#index as HTML
  Rendering articles/index.html.erb within layouts/application
  [1m[36mArticle Load (0.3ms)[0m  [1m[34mSELECT `articles`.* FROM `articles`[0m
  Rendered articles/index.html.erb within layouts/application (10.2ms)
Completed 200 OK in 73ms (Views: 39.7ms | ActiveRecord: 1.5ms)


Started GET "/users" for 127.0.0.1 at 2017-07-15 22:06:32 -1000
Processing by UsersController#index as HTML
  Rendering users/index.html.erb within layouts/application
  [1m[36mUser Load (0.4ms)[0m  [1m[34mSELECT `users`.* FROM `users`[0m
  Rendered users/index.html.erb within layouts/application (10.9ms)
Completed 200 OK in 88ms (Views: 49.7ms | ActiveRecord: 1.9ms)


Started GET "/pages/home" for 127.0.0.1 at 2017-07-15 22:06:34 -1000
Processing by PagesController#home as HTML
  Rendering pages/home.html.erb within layouts/application
  Rendered pages/home.html.erb within layouts/application (1.4ms)
Completed 200 OK in 58ms (Views: 52.0ms | ActiveRecord: 0.0ms)


Started GET "/pages/home" for 127.0.0.1 at 2017-07-15 22:10:31 -1000
Processing by PagesController#home as HTML
  Rendering pages/home.html.erb within layouts/application
  Rendered pages/home.html.erb within layouts/application (1.0ms)
Completed 200 OK in 70ms (Views: 67.3ms | ActiveRecord: 0.0ms)


Started GET "/pages/home" for 127.0.0.1 at 2017-07-15 22:11:41 -1000
Processing by PagesController#home as HTML
  Rendering pages/home.html.erb within layouts/application
  Rendered pages/home.html.erb within layouts/application (1.1ms)
Completed 200 OK in 62ms (Views: 58.0ms | ActiveRecord: 0.0ms)


Started GET "/pages/home" for 127.0.0.1 at 2017-07-15 22:13:13 -1000
Processing by PagesController#home as HTML
  Rendering pages/home.html.erb within layouts/application
  Rendered pages/home.html.erb within layouts/application (0.6ms)
Completed 200 OK in 60ms (Views: 56.6ms | ActiveRecord: 0.0ms)


Started GET "/pages/home" for 127.0.0.1 at 2017-07-15 22:13:58 -1000
Processing by PagesController#home as HTML
  Rendering pages/home.html.erb within layouts/application
  Rendered pages/home.html.erb within layouts/application (0.6ms)
Completed 200 OK in 48ms (Views: 44.8ms | ActiveRecord: 0.0ms)


Started GET "/pages/home" for 127.0.0.1 at 2017-07-15 22:14:24 -1000
Processing by PagesController#home as HTML
  Rendering pages/home.html.erb within layouts/application
  Rendered pages/home.html.erb within layouts/application (0.6ms)
Completed 200 OK in 35ms (Views: 33.5ms | ActiveRecord: 0.0ms)


Started GET "/pages/directions" for 127.0.0.1 at 2017-07-15 22:14:30 -1000
Processing by PagesController#directions as HTML
  Rendering pages/directions.html.erb within layouts/application
  Rendered pages/directions.html.erb within layouts/application (1.1ms)
Completed 200 OK in 50ms (Views: 44.7ms | ActiveRecord: 0.0ms)


Started GET "/users" for 127.0.0.1 at 2017-07-15 22:14:32 -1000
Processing by UsersController#index as HTML
  Rendering users/index.html.erb within layouts/application
  [1m[36mUser Load (0.6ms)[0m  [1m[34mSELECT `users`.* FROM `users`[0m
  Rendered users/index.html.erb within layouts/application (4.4ms)
Completed 200 OK in 47ms (Views: 41.3ms | ActiveRecord: 0.6ms)


Started GET "/articles" for 127.0.0.1 at 2017-07-15 22:14:34 -1000
Processing by ArticlesController#index as HTML
  Rendering articles/index.html.erb within layouts/application
  [1m[36mArticle Load (0.7ms)[0m  [1m[34mSELECT `articles`.* FROM `articles`[0m
  Rendered articles/index.html.erb within layouts/application (4.5ms)
Completed 200 OK in 57ms (Views: 52.3ms | ActiveRecord: 0.7ms)


Started GET "/pages/home" for 127.0.0.1 at 2017-07-15 22:14:37 -1000
Processing by PagesController#home as HTML
  Rendering pages/home.html.erb within layouts/application
  Rendered pages/home.html.erb within layouts/application (2.1ms)
Completed 200 OK in 60ms (Views: 54.0ms | ActiveRecord: 0.0ms)


Started GET "/pages/about" for 127.0.0.1 at 2017-07-15 22:16:34 -1000
Processing by PagesController#about as HTML
  Rendering pages/about.html.erb within layouts/application
  Rendered pages/about.html.erb within layouts/application (0.7ms)
Completed 200 OK in 48ms (Views: 43.1ms | ActiveRecord: 0.0ms)


Started GET "/pages/directions" for 127.0.0.1 at 2017-07-15 22:16:35 -1000
Processing by PagesController#directions as HTML
  Rendering pages/directions.html.erb within layouts/application
  Rendered pages/directions.html.erb within layouts/application (0.6ms)
Completed 200 OK in 52ms (Views: 45.3ms | ActiveRecord: 0.0ms)


Started GET "/articles" for 127.0.0.1 at 2017-07-15 22:16:37 -1000
Processing by ArticlesController#index as HTML
  Rendering articles/index.html.erb within layouts/application
  [1m[36mArticle Load (0.5ms)[0m  [1m[34mSELECT `articles`.* FROM `articles`[0m
  Rendered articles/index.html.erb within layouts/application (8.4ms)
Completed 200 OK in 68ms (Views: 60.6ms | ActiveRecord: 0.5ms)


Started GET "/pages/home" for 127.0.0.1 at 2017-07-15 22:16:39 -1000
Processing by PagesController#home as HTML
  Rendering pages/home.html.erb within layouts/application
  Rendered pages/home.html.erb within layouts/application (0.9ms)
Completed 200 OK in 55ms (Views: 50.2ms | ActiveRecord: 0.0ms)


Started GET "/pages/home" for 127.0.0.1 at 2017-07-15 22:16:42 -1000
Processing by PagesController#home as HTML
  Rendering pages/home.html.erb within layouts/application
  Rendered pages/home.html.erb within layouts/application (0.9ms)
Completed 200 OK in 51ms (Views: 47.6ms | ActiveRecord: 0.0ms)


Started GET "/pages/home" for 127.0.0.1 at 2017-07-15 22:16:43 -1000
Processing by PagesController#home as HTML
  Rendering pages/home.html.erb within layouts/application
  Rendered pages/home.html.erb within layouts/application (0.9ms)
Completed 200 OK in 55ms (Views: 51.3ms | ActiveRecord: 0.0ms)


Started GET "/pages/home" for 127.0.0.1 at 2017-07-15 22:17:20 -1000
Processing by PagesController#home as HTML
  Rendering pages/home.html.erb within layouts/application
  Rendered pages/home.html.erb within layouts/application (0.7ms)
Completed 200 OK in 35ms (Views: 33.1ms | ActiveRecord: 0.0ms)


Started GET "/pages/home" for 127.0.0.1 at 2017-07-15 22:18:42 -1000
Processing by PagesController#home as HTML
  Rendering pages/home.html.erb within layouts/application
  Rendered pages/home.html.erb within layouts/application (0.5ms)
Completed 500 Internal Server Error in 12ms (ActiveRecord: 0.0ms)


  
SyntaxError (/Users/taeoalii/Desktop/RubyPractice/RailsApp/spblog/app/views/layouts/application.html.erb:14: syntax error, unexpected tIDENTIFIER, expecting ')'
Lion King", width: "50" height: "40"),
                              ^
/Users/taeoalii/Desktop/RubyPractice/RailsApp/spblog/app/views/layouts/application.html.erb:16: syntax error, unexpected ')', expecting keyword_end
 	{ :class => "websiteLogo"} );@output_buffer.safe_append='
 	                            ^):
  
app/views/layouts/application.html.erb:14: syntax error, unexpected tIDENTIFIER, expecting ')'
app/views/layouts/application.html.erb:16: syntax error, unexpected ')', expecting keyword_end
Started GET "/pages/home" for 127.0.0.1 at 2017-07-15 22:20:02 -1000
Processing by PagesController#home as HTML
  Rendering pages/home.html.erb within layouts/application
  Rendered pages/home.html.erb within layouts/application (0.8ms)
Completed 200 OK in 100ms (Views: 93.0ms | ActiveRecord: 0.0ms)


Started GET "/pages/home" for 127.0.0.1 at 2017-07-15 22:20:04 -1000
Processing by PagesController#home as HTML
  Rendering pages/home.html.erb within layouts/application
  Rendered pages/home.html.erb within layouts/application (1.5ms)
Completed 200 OK in 81ms (Views: 77.2ms | ActiveRecord: 0.0ms)


Started GET "/pages/home" for 127.0.0.1 at 2017-07-15 22:20:11 -1000
Processing by PagesController#home as HTML
  Rendering pages/home.html.erb within layouts/application
  Rendered pages/home.html.erb within layouts/application (1.4ms)
Completed 200 OK in 47ms (Views: 44.6ms | ActiveRecord: 0.0ms)


Started GET "/pages/home" for 127.0.0.1 at 2017-07-15 22:20:51 -1000
Processing by PagesController#home as HTML
  Rendering pages/home.html.erb within layouts/application
  Rendered pages/home.html.erb within layouts/application (1.1ms)
Completed 200 OK in 135ms (Views: 107.2ms | ActiveRecord: 0.0ms)


Started GET "/pages/home" for 127.0.0.1 at 2017-07-15 22:21:19 -1000
Processing by PagesController#home as HTML
  Rendering pages/home.html.erb within layouts/application
  Rendered pages/home.html.erb within layouts/application (0.7ms)
Completed 200 OK in 96ms (Views: 91.9ms | ActiveRecord: 0.0ms)


Started GET "/pages/home" for 127.0.0.1 at 2017-07-15 22:21:29 -1000
Processing by PagesController#home as HTML
  Rendering pages/home.html.erb within layouts/application
  Rendered pages/home.html.erb within layouts/application (0.8ms)
Completed 200 OK in 46ms (Views: 44.2ms | ActiveRecord: 0.0ms)


Started GET "/users" for 127.0.0.1 at 2017-07-15 22:21:46 -1000
Processing by UsersController#index as HTML
  Rendering users/index.html.erb within layouts/application
  [1m[36mUser Load (0.4ms)[0m  [1m[34mSELECT `users`.* FROM `users`[0m
  Rendered users/index.html.erb within layouts/application (3.3ms)
Completed 200 OK in 51ms (Views: 34.0ms | ActiveRecord: 0.4ms)


Started GET "/users" for 127.0.0.1 at 2017-07-15 22:22:17 -1000
Processing by UsersController#index as HTML
  Rendering users/index.html.erb within layouts/application
  [1m[36mUser Load (0.3ms)[0m  [1m[34mSELECT `users`.* FROM `users`[0m
  Rendered users/index.html.erb within layouts/application (2.3ms)
Completed 200 OK in 29ms (Views: 25.4ms | ActiveRecord: 0.3ms)


Started GET "/users/new" for 127.0.0.1 at 2017-07-15 22:22:19 -1000
Processing by UsersController#new as HTML
  Rendering users/new.html.erb within layouts/application
  Rendered users/_form.html.erb (146.7ms)
  Rendered users/new.html.erb within layouts/application (148.8ms)
Completed 200 OK in 229ms (Views: 183.2ms | ActiveRecord: 0.0ms)


Started GET "/users" for 127.0.0.1 at 2017-07-15 22:25:23 -1000
  [1m[35m (0.2ms)[0m  [1m[34mSELECT `schema_migrations`.`version` FROM `schema_migrations` ORDER BY `schema_migrations`.`version` ASC[0m
  
ActiveRecord::PendingMigrationError (

Migrations are pending. To resolve this issue, run:

        bin/rails db:migrate RAILS_ENV=development

):
  
activerecord (5.1.2) lib/active_record/migration.rb:576:in `check_pending!'
activerecord (5.1.2) lib/active_record/migration.rb:553:in `call'
actionpack (5.1.2) lib/action_dispatch/middleware/callbacks.rb:26:in `block in call'
activesupport (5.1.2) lib/active_support/callbacks.rb:97:in `run_callbacks'
actionpack (5.1.2) lib/action_dispatch/middleware/callbacks.rb:24:in `call'
actionpack (5.1.2) lib/action_dispatch/middleware/executor.rb:12:in `call'
actionpack (5.1.2) lib/action_dispatch/middleware/debug_exceptions.rb:59:in `call'
web-console (3.5.1) lib/web_console/middleware.rb:135:in `call_app'
web-console (3.5.1) lib/web_console/middleware.rb:28:in `block in call'
web-console (3.5.1) lib/web_console/middleware.rb:18:in `catch'
web-console (3.5.1) lib/web_console/middleware.rb:18:in `call'
actionpack (5.1.2) lib/action_dispatch/middleware/show_exceptions.rb:31:in `call'
railties (5.1.2) lib/rails/rack/logger.rb:36:in `call_app'
railties (5.1.2) lib/rails/rack/logger.rb:24:in `block in call'
activesupport (5.1.2) lib/active_support/tagged_logging.rb:69:in `block in tagged'
activesupport (5.1.2) lib/active_support/tagged_logging.rb:26:in `tagged'
activesupport (5.1.2) lib/active_support/tagged_logging.rb:69:in `tagged'
railties (5.1.2) lib/rails/rack/logger.rb:24:in `call'
sprockets-rails (3.2.0) lib/sprockets/rails/quiet_assets.rb:13:in `call'
actionpack (5.1.2) lib/action_dispatch/middleware/remote_ip.rb:79:in `call'
actionpack (5.1.2) lib/action_dispatch/middleware/request_id.rb:25:in `call'
rack (2.0.3) lib/rack/method_override.rb:22:in `call'
rack (2.0.3) lib/rack/runtime.rb:22:in `call'
activesupport (5.1.2) lib/active_support/cache/strategy/local_cache_middleware.rb:27:in `call'
actionpack (5.1.2) lib/action_dispatch/middleware/executor.rb:12:in `call'
actionpack (5.1.2) lib/action_dispatch/middleware/static.rb:125:in `call'
rack (2.0.3) lib/rack/sendfile.rb:111:in `call'
railties (5.1.2) lib/rails/engine.rb:522:in `call'
puma (3.9.1) lib/puma/configuration.rb:224:in `call'
puma (3.9.1) lib/puma/server.rb:602:in `handle_request'
puma (3.9.1) lib/puma/server.rb:435:in `process_client'
puma (3.9.1) lib/puma/server.rb:299:in `block in run'
puma (3.9.1) lib/puma/thread_pool.rb:120:in `block in spawn_thread'
  [1m[35m (0.4ms)[0m  [1m[35mSET NAMES utf8,  @@SESSION.sql_mode = CONCAT(CONCAT(@@sql_mode, ',STRICT_ALL_TABLES'), ',NO_AUTO_VALUE_ON_ZERO'),  @@SESSION.sql_auto_is_null = 0, @@SESSION.wait_timeout = 2147483[0m
  [1m[35m (0.2ms)[0m  [1m[34mSELECT DATABASE() as db[0m
  [1m[35m (0.2ms)[0m  [1m[34mSELECT GET_LOCK(7342014312935940225, 0)[0m
  [1m[35m (0.3ms)[0m  [1m[34mSELECT `schema_migrations`.`version` FROM `schema_migrations` ORDER BY `schema_migrations`.`version` ASC[0m
Migrating to CreateUsers (20170716082515)
  [1m[35m (0.3ms)[0m  [1m[34mSELECT RELEASE_LOCK(7342014312935940225)[0m
  [1m[35m (0.5ms)[0m  [1m[35mSET NAMES utf8,  @@SESSION.sql_mode = CONCAT(CONCAT(@@sql_mode, ',STRICT_ALL_TABLES'), ',NO_AUTO_VALUE_ON_ZERO'),  @@SESSION.sql_auto_is_null = 0, @@SESSION.wait_timeout = 2147483[0m
  [1m[35m (0.2ms)[0m  [1m[34mSELECT DATABASE() as db[0m
  [1m[35m (0.2ms)[0m  [1m[34mSELECT GET_LOCK(7342014312935940225, 0)[0m
  [1m[35m (0.3ms)[0m  [1m[34mSELECT `schema_migrations`.`version` FROM `schema_migrations` ORDER BY `schema_migrations`.`version` ASC[0m
Migrating to CreateUsers (20170716082607)
  [1m[35m (0.6ms)[0m  [1m[35mCREATE TABLE `users` (`id` bigint NOT NULL AUTO_INCREMENT PRIMARY KEY, `first_name` varchar(255), `last_name` varchar(255), `birthdate` date, `email` varchar(255), `password` varchar(255), `created_at` datetime NOT NULL, `updated_at` datetime NOT NULL) ENGINE=InnoDB[0m
  [1m[35m (0.2ms)[0m  [1m[34mSELECT RELEASE_LOCK(7342014312935940225)[0m
  [1m[35m (0.4ms)[0m  [1m[35mSET NAMES utf8,  @@SESSION.sql_mode = CONCAT(CONCAT(@@sql_mode, ',STRICT_ALL_TABLES'), ',NO_AUTO_VALUE_ON_ZERO'),  @@SESSION.sql_auto_is_null = 0, @@SESSION.wait_timeout = 2147483[0m
  [1m[35m (0.2ms)[0m  [1m[34mSELECT DATABASE() as db[0m
  [1m[35m (0.2ms)[0m  [1m[34mSELECT GET_LOCK(7342014312935940225, 0)[0m
  [1m[35m (0.3ms)[0m  [1m[34mSELECT `schema_migrations`.`version` FROM `schema_migrations` ORDER BY `schema_migrations`.`version` ASC[0m
Migrating to CreateUsers (20170716082727)
  [1m[35m (121.1ms)[0m  [1m[35mCREATE TABLE `users` (`id` bigint NOT NULL AUTO_INCREMENT PRIMARY KEY, `first_name` varchar(255), `last_name` varchar(255), `birthdate` date, `email` varchar(255), `password` varchar(255), `created_at` datetime NOT NULL, `updated_at` datetime NOT NULL) ENGINE=InnoDB[0m
  [1m[35m (0.2ms)[0m  [1m[35mBEGIN[0m
  [1m[35mSQL (0.3ms)[0m  [1m[32mINSERT INTO `schema_migrations` (`version`) VALUES ('20170716082727')[0m
  [1m[35m (0.4ms)[0m  [1m[35mCOMMIT[0m
  [1m[36mActiveRecord::InternalMetadata Load (0.4ms)[0m  [1m[34mSELECT  `ar_internal_metadata`.* FROM `ar_internal_metadata` WHERE `ar_internal_metadata`.`key` = 'environment' LIMIT 1[0m
  [1m[35m (0.2ms)[0m  [1m[35mBEGIN[0m
  [1m[35m (0.2ms)[0m  [1m[35mCOMMIT[0m
  [1m[35m (0.3ms)[0m  [1m[34mSELECT RELEASE_LOCK(7342014312935940225)[0m
  [1m[35m (0.3ms)[0m  [1m[34mSELECT `schema_migrations`.`version` FROM `schema_migrations` ORDER BY `schema_migrations`.`version` ASC[0m
  [1m[35m (0.2ms)[0m  [1m[35mSHOW CREATE TABLE `articles`[0m
  [1m[35m (0.4ms)[0m  [1m[35mSHOW TABLE STATUS LIKE 'articles'[0m
  [1m[35m (0.3ms)[0m  [1m[35mSHOW CREATE TABLE `comments`[0m
  [1m[35m (0.4ms)[0m  [1m[35mSHOW TABLE STATUS LIKE 'comments'[0m
  [1m[35m (0.2ms)[0m  [1m[35mSHOW CREATE TABLE `users`[0m
  [1m[35m (0.4ms)[0m  [1m[35mSHOW TABLE STATUS LIKE 'users'[0m
Started GET "/users" for 127.0.0.1 at 2017-07-15 22:27:38 -1000
  [1m[35m (0.3ms)[0m  [1m[34mSELECT `schema_migrations`.`version` FROM `schema_migrations` ORDER BY `schema_migrations`.`version` ASC[0m
Processing by UsersController#index as HTML
  Rendering users/index.html.erb within layouts/application
  [1m[36mUser Load (0.4ms)[0m  [1m[34mSELECT `users`.* FROM `users`[0m
  Rendered users/index.html.erb within layouts/application (3.0ms)
Completed 200 OK in 142ms (Views: 133.7ms | ActiveRecord: 0.9ms)


Started GET "/users/new" for 127.0.0.1 at 2017-07-15 22:27:44 -1000
Processing by UsersController#new as HTML
  Rendering users/new.html.erb within layouts/application
  Rendered users/_form.html.erb (57.1ms)
  Rendered users/new.html.erb within layouts/application (59.8ms)
Completed 200 OK in 104ms (Views: 85.2ms | ActiveRecord: 1.2ms)


Started GET "/users" for 127.0.0.1 at 2017-07-15 22:32:06 -1000
Processing by UsersController#index as HTML
  Rendering users/index.html.erb within layouts/application
  [1m[36mUser Load (0.3ms)[0m  [1m[34mSELECT `users`.* FROM `users`[0m
  Rendered users/index.html.erb within layouts/application (3.0ms)
Completed 200 OK in 39ms (Views: 28.3ms | ActiveRecord: 0.8ms)


Started GET "/users/new" for 127.0.0.1 at 2017-07-15 22:32:07 -1000
Processing by UsersController#new as HTML
  Rendering users/new.html.erb within layouts/application
  Rendered users/_form.html.erb (4.2ms)
  Rendered users/new.html.erb within layouts/application (70.7ms)
Completed 200 OK in 118ms (Views: 98.5ms | ActiveRecord: 0.0ms)


Started GET "/users/new" for 127.0.0.1 at 2017-07-15 22:34:47 -1000
Processing by UsersController#new as HTML
  Rendering users/new.html.erb within layouts/application
  Rendered users/_form.html.erb (21.1ms)
  Rendered users/new.html.erb within layouts/application (23.2ms)
Completed 200 OK in 114ms (Views: 103.5ms | ActiveRecord: 0.0ms)


Started POST "/users" for 127.0.0.1 at 2017-07-15 22:35:13 -1000
Processing by UsersController#create as HTML
  Parameters: {"utf8"=>"✓", "authenticity_token"=>"T7BblvC+NdtEAVibHXdFJtTI5u7V30lF7M8ljZstDl7h3zzAtXA+KVaDhqu1bcXEIRzF5jRGwAIBqG3IoiWu6w==", "user"=>{"first_name"=>"Andrew", "last_name"=>"Taeoalii", "birthdate(1i)"=>"1987", "birthdate(2i)"=>"3", "birthdate(3i)"=>"10", "email"=>"ulu_5@yahoo.com", "password"=>"[FILTERED]"}, "commit"=>"Create User"}
  [1m[35m (0.2ms)[0m  [1m[35mBEGIN[0m
  [1m[35mSQL (0.3ms)[0m  [1m[32mINSERT INTO `users` (`first_name`, `last_name`, `birthdate`, `email`, `password`, `created_at`, `updated_at`) VALUES ('Andrew', 'Taeoalii', '1987-03-10', 'ulu_5@yahoo.com', 'atmuny25', '2017-07-16 08:35:13', '2017-07-16 08:35:13')[0m
  [1m[35m (34.6ms)[0m  [1m[35mCOMMIT[0m
Redirected to http://localhost:3000/users/1
Completed 302 Found in 40ms (ActiveRecord: 35.1ms)


Started GET "/users/1" for 127.0.0.1 at 2017-07-15 22:35:13 -1000
Processing by UsersController#show as HTML
  Parameters: {"id"=>"1"}
  [1m[36mUser Load (0.4ms)[0m  [1m[34mSELECT  `users`.* FROM `users` WHERE `users`.`id` = 1 LIMIT 1[0m
  Rendering users/show.html.erb within layouts/application
  Rendered users/show.html.erb within layouts/application (1.1ms)
Completed 200 OK in 76ms (Views: 25.7ms | ActiveRecord: 0.4ms)


Started GET "/users" for 127.0.0.1 at 2017-07-15 22:35:19 -1000
Processing by UsersController#index as HTML
  Rendering users/index.html.erb within layouts/application
  [1m[36mUser Load (0.4ms)[0m  [1m[34mSELECT `users`.* FROM `users`[0m
  Rendered users/index.html.erb within layouts/application (2.4ms)
Completed 200 OK in 70ms (Views: 28.0ms | ActiveRecord: 0.4ms)


Started GET "/users/new" for 127.0.0.1 at 2017-07-15 22:35:20 -1000
Processing by UsersController#new as HTML
  Rendering users/new.html.erb within layouts/application
  Rendered users/_form.html.erb (8.4ms)
  Rendered users/new.html.erb within layouts/application (12.1ms)
Completed 200 OK in 50ms (Views: 45.8ms | ActiveRecord: 0.0ms)


Started POST "/users" for 127.0.0.1 at 2017-07-15 22:35:30 -1000
Processing by UsersController#create as HTML
  Parameters: {"utf8"=>"✓", "authenticity_token"=>"5/r6hr5rX1Wf1MlLwgpQ+fnB9uaGDetJnooDEjFb13zGEaieYwXGcuIO+S2/5rzFUuPIHmzt9jhHqxAuy51R6A==", "user"=>{"first_name"=>"Test", "last_name"=>"Boto", "birthdate(1i)"=>"2017", "birthdate(2i)"=>"7", "birthdate(3i)"=>"16", "email"=>"daf", "password"=>"[FILTERED]"}, "commit"=>"Create User"}
  [1m[35m (0.1ms)[0m  [1m[35mBEGIN[0m
  [1m[35m (0.2ms)[0m  [1m[31mROLLBACK[0m
  Rendering users/new.html.erb within layouts/application
  Rendered users/_form.html.erb (5.6ms)
  Rendered users/new.html.erb within layouts/application (9.4ms)
Completed 200 OK in 54ms (Views: 49.5ms | ActiveRecord: 0.3ms)


Started GET "/pages/directions" for 127.0.0.1 at 2017-07-15 22:35:36 -1000
Processing by PagesController#directions as HTML
  Rendering pages/directions.html.erb within layouts/application
  Rendered pages/directions.html.erb within layouts/application (0.5ms)
Completed 200 OK in 55ms (Views: 24.9ms | ActiveRecord: 0.0ms)


Started GET "/pages/about" for 127.0.0.1 at 2017-07-15 22:35:37 -1000
Processing by PagesController#about as HTML
  Rendering pages/about.html.erb within layouts/application
  Rendered pages/about.html.erb within layouts/application (0.5ms)
Completed 200 OK in 127ms (Views: 46.9ms | ActiveRecord: 0.0ms)


Started GET "/pages/home" for 127.0.0.1 at 2017-07-15 22:35:39 -1000
Processing by PagesController#home as HTML
  Rendering pages/home.html.erb within layouts/application
  Rendered pages/home.html.erb within layouts/application (0.6ms)
Completed 200 OK in 73ms (Views: 22.7ms | ActiveRecord: 0.0ms)


Started GET "/pages/about" for 127.0.0.1 at 2017-07-15 22:35:40 -1000
Processing by PagesController#about as HTML
  Rendering pages/about.html.erb within layouts/application
  Rendered pages/about.html.erb within layouts/application (0.8ms)
Completed 200 OK in 60ms (Views: 57.0ms | ActiveRecord: 0.0ms)


Started GET "/pages/about" for 127.0.0.1 at 2017-07-15 22:36:57 -1000
Processing by PagesController#about as HTML
  Rendering pages/about.html.erb within layouts/application
  Rendered pages/about.html.erb within layouts/application (0.6ms)
Completed 200 OK in 26ms (Views: 24.6ms | ActiveRecord: 0.0ms)


Started GET "/pages/about" for 127.0.0.1 at 2017-07-15 22:38:39 -1000
Processing by PagesController#about as HTML
  Rendering pages/about.html.erb within layouts/application
  Rendered pages/about.html.erb within layouts/application (0.5ms)
Completed 200 OK in 26ms (Views: 23.9ms | ActiveRecord: 0.0ms)


Started GET "/pages/about" for 127.0.0.1 at 2017-07-15 22:42:05 -1000
Processing by PagesController#about as HTML
  Rendering pages/about.html.erb within layouts/application
  Rendered pages/about.html.erb within layouts/application (0.5ms)
Completed 200 OK in 27ms (Views: 24.8ms | ActiveRecord: 0.0ms)


Started GET "/pages/about" for 127.0.0.1 at 2017-07-15 22:43:01 -1000
Processing by PagesController#about as HTML
  Rendering pages/about.html.erb within layouts/application
  Rendered pages/about.html.erb within layouts/application (0.8ms)
Completed 200 OK in 28ms (Views: 26.8ms | ActiveRecord: 0.0ms)


Started GET "/pages/about" for 127.0.0.1 at 2017-07-15 22:43:04 -1000
Processing by PagesController#about as HTML
  Rendering pages/about.html.erb within layouts/application
  Rendered pages/about.html.erb within layouts/application (0.5ms)
Completed 200 OK in 29ms (Views: 26.4ms | ActiveRecord: 0.0ms)


Started GET "/pages/about" for 127.0.0.1 at 2017-07-15 22:44:39 -1000
Processing by PagesController#about as HTML
  Rendering pages/about.html.erb within layouts/application
  Rendered pages/about.html.erb within layouts/application (0.5ms)
Completed 200 OK in 26ms (Views: 24.5ms | ActiveRecord: 0.0ms)


Started GET "/pages/home" for 127.0.0.1 at 2017-07-15 22:44:41 -1000
Processing by PagesController#home as HTML
  Rendering pages/home.html.erb within layouts/application
  Rendered pages/home.html.erb within layouts/application (0.9ms)
Completed 200 OK in 37ms (Views: 33.9ms | ActiveRecord: 0.0ms)


Started GET "/pages/home" for 127.0.0.1 at 2017-07-15 22:44:56 -1000
Processing by PagesController#home as HTML
  Rendering pages/home.html.erb within layouts/application
  Rendered pages/home.html.erb within layouts/application (1.0ms)
Completed 200 OK in 38ms (Views: 34.8ms | ActiveRecord: 0.0ms)


Started GET "/pages/home" for 127.0.0.1 at 2017-07-15 22:44:58 -1000
Processing by PagesController#home as HTML
  Rendering pages/home.html.erb within layouts/application
  Rendered pages/home.html.erb within layouts/application (12.8ms)
Completed 200 OK in 53ms (Views: 49.0ms | ActiveRecord: 0.0ms)


Started GET "/pages/home" for 127.0.0.1 at 2017-07-15 22:44:59 -1000
Processing by PagesController#home as HTML
  Rendering pages/home.html.erb within layouts/application
  Rendered pages/home.html.erb within layouts/application (0.9ms)
Completed 200 OK in 57ms (Views: 53.6ms | ActiveRecord: 0.0ms)


Started GET "/pages/home" for 127.0.0.1 at 2017-07-15 22:45:21 -1000
Processing by PagesController#home as HTML
  Rendering pages/home.html.erb within layouts/application
  Rendered pages/home.html.erb within layouts/application (0.6ms)
Completed 200 OK in 27ms (Views: 24.0ms | ActiveRecord: 0.0ms)


Started GET "/users" for 127.0.0.1 at 2017-07-15 22:45:25 -1000
Processing by UsersController#index as HTML
  Rendering users/index.html.erb within layouts/application
  [1m[36mUser Load (0.3ms)[0m  [1m[34mSELECT `users`.* FROM `users`[0m
  Rendered users/index.html.erb within layouts/application (11.5ms)
Completed 200 OK in 71ms (Views: 33.3ms | ActiveRecord: 1.6ms)


Started GET "/users/1" for 127.0.0.1 at 2017-07-15 22:45:46 -1000
Processing by UsersController#show as HTML
  Parameters: {"id"=>"1"}
  [1m[36mUser Load (0.5ms)[0m  [1m[34mSELECT  `users`.* FROM `users` WHERE `users`.`id` = 1 LIMIT 1[0m
  Rendering users/show.html.erb within layouts/application
  Rendered users/show.html.erb within layouts/application (1.3ms)
Completed 200 OK in 40ms (Views: 34.7ms | ActiveRecord: 0.5ms)


